/zhome/bb/f/127616/.lsbatch/1727774925.22841235.shell: line 1: elastix: command not found

------------------------------------------------------------
Sender: LSF System <lsfadmin@hpc.dtu.dk>
Subject: Job 22841235: <NONAME> in cluster <dcc> Exited

Job <NONAME> was submitted from host <n-62-27-23> by user <awias> in cluster <dcc> at Tue Oct  1 11:28:45 2024
Job was executed on host(s) <n-62-11-68>, in queue <hpc>, as user <awias> in cluster <dcc> at Tue Oct  1 11:28:45 2024
</zhome/bb/f/127616> was used as the home directory.
</zhome/bb/f/127616/Documents/MicroCracks> was used as the working directory.
Started at Tue Oct  1 11:28:45 2024
Terminated at Tue Oct  1 11:28:46 2024
Results reported at Tue Oct  1 11:28:46 2024

Your job looked like:

------------------------------------------------------------
# LSBATCH: User input
elastix -f "/zhome/bb/f/127616/Documents/MicroCracks/Data/Pressure_tests_Scan_2_5_recon.nii" -m "/zhome/bb/f/127616/Documents/MicroCracks/Data/Pressure_tests_Scan_2_65_recon.nii" -fMask /path/to/fixed_vol/fixed_vol_mask.tiff -mMask "/path/to/moving_vol/moving_vol_mask.tiff" -out "/path/to/output/folder/" -p "/path/to/parameterFile.txt"
------------------------------------------------------------

Exited with exit code 127.

Resource usage summary:

    CPU time :                                   0.36 sec.
    Max Memory :                                 -
    Average Memory :                             -
    Total Requested Memory :                     1024.00 MB
    Delta Memory :                               -
    Max Swap :                                   -
    Max Processes :                              -
    Max Threads :                                -
    Run time :                                   1 sec.
    Turnaround time :                            1 sec.

The output (if any) is above this job summary.

